<?xml version="1.0" encoding="UTF-8" ?>
<testsuite failures="0" time="0.199" errors="0" skipped="0" tests="5" name="com.riseful.jesscooljava.dao.TestTagDao">
  <properties>
[...]
</properties>
  <testcase time="0.032" classname="com.riseful.jesscooljava.dao.TestTagDao" name="testAddTag"/>
  <testcase time="0.05" classname="com.riseful.jesscooljava.dao.TestTagDao" name="testGetTagByid"/>
  <testcase time="0.049" classname="com.riseful.jesscooljava.dao.TestTagDao" name="testUpdateTag"/>
  <testcase time="0.024" classname="com.riseful.jesscooljava.dao.TestTagDao" name="testGetBiggestId"/>
  <testcase time="0.04" classname="com.riseful.jesscooljava.dao.TestTagDao" name="testDelTagById"/>
</testsuite>